<?xml version="1.0" encoding="UTF-8"?>
<!-- Generated by org.testng.reporters.JUnitReportReporter -->
<testsuite hostname="DESKTOP-U92U93D" failures="0" tests="1" name="com.testcases.OpenNewAccount" time="5.606" errors="0" timestamp="08 Mar 2024 07:13:31 GMT" skipped="0">
  <testcase classname="com.testcases.OpenNewAccount" name="createAccount" time="5.606"/>
</testsuite> <!-- com.testcases.OpenNewAccount -->
