<?xml version="1.0" encoding="UTF-8"?>
<!-- Generated by org.testng.reporters.JUnitReportReporter -->
<testsuite hostname="DESKTOP-U92U93D" failures="0" tests="1" name="com.testcases.Deposit" time="9.713" errors="0" timestamp="08 Mar 2024 20:39:50 GMT" skipped="0">
  <testcase classname="com.testcases.Deposit" name="DepositMoney" time="9.713"/>
</testsuite> <!-- com.testcases.Deposit -->
