<?xml version="1.0" encoding="UTF-8"?>
<!-- Generated by org.testng.reporters.JUnitReportReporter -->
<testsuite hostname="DESKTOP-U92U93D" failures="0" tests="1" name="com.testcases.CustomerSearch" time="7.196" errors="0" timestamp="08 Mar 2024 07:13:31 GMT" skipped="0">
  <testcase classname="com.testcases.CustomerSearch" name="verifySearch" time="7.196"/>
</testsuite> <!-- com.testcases.CustomerSearch -->
