<?xml version="1.0" encoding="UTF-8"?>
<!-- Generated by org.testng.reporters.JUnitReportReporter -->
<testsuite hostname="DESKTOP-U92U93D" failures="0" tests="1" name="com.testcases.Withdrwal" time="5.734" errors="0" timestamp="08 Mar 2024 20:42:28 GMT" skipped="0">
  <testcase classname="com.testcases.Withdrwal" name="DepositMoney" time="5.734"/>
</testsuite> <!-- com.testcases.Withdrwal -->
